{"level":"info","message":"connected to mongodb://localhost/concertTraveller...","timestamp":"2018-08-01T17:04:58.589Z"}
{"level":"info","message":"connected to mongodb://localhost/concertTraveller...","timestamp":"2018-08-01T17:05:54.020Z"}
{"level":"info","message":"connected to mongodb://localhost/concertTraveller...","timestamp":"2018-08-01T17:07:04.396Z"}
{"level":"info","message":"connected to mongodb://localhost/concertTraveller...","timestamp":"2018-08-01T17:09:39.648Z"}
{"level":"info","message":"connected to mongodb://localhost/concertTraveller...","timestamp":"2018-08-01T17:10:36.422Z"}
{"level":"info","message":"connected to mongodb://localhost/concertTraveller...","timestamp":"2018-08-01T17:11:07.995Z"}
{"level":"info","message":"connected to mongodb://localhost/concertTraveller...","timestamp":"2018-08-01T17:11:34.324Z"}
{"level":"info","message":"connected to mongodb://localhost/concertTraveller...","timestamp":"2018-08-01T17:12:47.670Z"}
{"level":"info","message":"connected to mongodb://localhost/concertTraveller...","timestamp":"2018-08-01T17:13:17.769Z"}
{"level":"info","message":"connected to mongodb://localhost/concertTraveller...","timestamp":"2018-08-01T17:17:03.220Z"}
{"level":"info","message":"connected to mongodb://localhost/concertTraveller...","timestamp":"2018-08-30T17:49:08.095Z"}
{"level":"info","message":"connected to mongodb://localhost/concertTraveller...","timestamp":"2018-08-30T18:34:02.723Z"}
{"level":"info","message":"connected to mongodb://localhost/concertTraveller...","timestamp":"2018-08-30T18:42:50.023Z"}
{"level":"info","message":"connected to mongodb://localhost/concertTraveller...","timestamp":"2018-09-06T20:04:09.772Z"}
{"level":"info","message":"connected to mongodb://localhost/concertTraveller...","timestamp":"2018-09-06T20:10:40.106Z"}
{"level":"info","message":"connected to mongodb://localhost/concertTraveller...","timestamp":"2018-09-06T20:14:11.538Z"}
{"level":"info","message":"connected to mongodb://localhost/concertTraveller...","timestamp":"2018-09-06T20:15:11.409Z"}
{"level":"info","message":"connected to mongodb://localhost/concertTraveller...","timestamp":"2018-09-08T20:54:51.786Z"}
{"level":"info","message":"connected to mongodb://localhost/concertTraveller...","timestamp":"2018-09-08T21:03:08.243Z"}
{"level":"info","message":"connected to mongodb://localhost/concertTraveller...","timestamp":"2018-09-08T21:28:38.567Z"}
{"level":"info","message":"connected to mongodb://localhost/concertTraveller...","timestamp":"2018-09-08T21:30:46.785Z"}
{"level":"info","message":"connected to mongodb://localhost/concertTraveller...","timestamp":"2018-09-08T21:31:40.867Z"}
{"level":"info","message":"connected to mongodb://localhost/concertTraveller...","timestamp":"2018-09-08T21:34:31.837Z"}
{"level":"info","message":"connected to mongodb://localhost/concertTraveller...","timestamp":"2018-09-08T21:38:09.851Z"}
{"level":"info","message":"connected to mongodb://localhost/concertTraveller...","timestamp":"2018-09-08T21:49:35.752Z"}
{"level":"info","message":"connected to mongodb://localhost/concertTraveller...","timestamp":"2018-09-09T22:10:41.167Z"}
{"level":"info","message":"connected to mongodb://localhost/concertTraveller...","timestamp":"2018-09-10T13:27:51.790Z"}
{"level":"info","message":"connected to mongodb://localhost/concertTraveller...","timestamp":"2018-09-10T14:21:03.055Z"}
{"level":"info","message":"connected to mongodb://localhost/concertTraveller...","timestamp":"2018-09-10T14:53:52.684Z"}
{"level":"info","message":"connected to mongodb://localhost/concertTraveller...","timestamp":"2018-09-10T17:11:56.158Z"}
{"level":"info","message":"connected to mongodb://localhost/concertTraveller...","timestamp":"2018-09-12T15:32:05.014Z"}
{"level":"info","message":"connected to mongodb://localhost/concertTraveller...","timestamp":"2018-09-12T16:00:29.024Z"}
{"level":"info","message":"connected to mongodb://localhost/concertTraveller...","timestamp":"2018-09-12T16:28:04.902Z"}
{"level":"info","message":"connected to mongodb://localhost/concertTraveller...","timestamp":"2018-09-12T16:43:36.636Z"}
{"level":"info","message":"connected to mongodb://localhost/concertTraveller...","timestamp":"2018-09-12T16:53:47.383Z"}
{"level":"info","message":"connected to mongodb://localhost/concertTraveller...","timestamp":"2018-09-12T17:07:38.883Z"}
{"level":"info","message":"connected to mongodb://localhost/concertTraveller...","timestamp":"2018-09-12T17:14:49.406Z"}
{"level":"info","message":"connected to mongodb://localhost/concertTraveller...","timestamp":"2018-09-12T17:20:01.141Z"}
{"level":"info","message":"connected to mongodb://localhost/concertTraveller...","timestamp":"2018-09-12T17:23:23.631Z"}
{"level":"info","message":"connected to mongodb://localhost/concertTraveller...","timestamp":"2018-09-12T17:35:59.614Z"}
{"level":"info","message":"connected to mongodb://localhost/concertTraveller...","timestamp":"2018-09-12T17:51:24.547Z"}
{"level":"info","message":"connected to mongodb://localhost/concertTraveller...","timestamp":"2018-09-12T17:52:36.419Z"}
{"level":"info","message":"connected to mongodb://localhost/concertTraveller...","timestamp":"2018-09-12T17:53:28.739Z"}
{"level":"info","message":"connected to mongodb://localhost/concertTraveller...","timestamp":"2018-09-12T18:08:35.849Z"}
{"level":"info","message":"connected to mongodb://localhost/concertTraveller...","timestamp":"2018-09-12T18:14:09.483Z"}
{"level":"info","message":"connected to mongodb://localhost/concertTraveller...","timestamp":"2018-09-12T18:17:13.584Z"}
{"level":"info","message":"connected to mongodb://localhost/concertTraveller...","timestamp":"2018-09-12T18:19:11.255Z"}
{"level":"info","message":"connected to mongodb://localhost/concertTraveller...","timestamp":"2018-09-12T18:30:52.685Z"}
{"level":"info","message":"connected to mongodb://localhost/concertTraveller...","timestamp":"2018-09-12T18:32:10.116Z"}
{"level":"info","message":"connected to mongodb://localhost/concertTraveller...","timestamp":"2018-09-12T18:37:07.338Z"}
{"level":"info","message":"connected to mongodb://localhost/concertTraveller...","timestamp":"2018-09-12T18:47:45.232Z"}
{"level":"info","message":"connected to mongodb://localhost/concertTraveller...","timestamp":"2018-09-12T18:51:56.746Z"}
{"level":"info","message":"connected to mongodb://localhost/concertTraveller...","timestamp":"2018-09-12T19:01:10.004Z"}
{"level":"info","message":"connected to mongodb://localhost/concertTraveller...","timestamp":"2018-09-12T19:24:08.111Z"}
{"level":"info","message":"connected to mongodb://localhost/concertTraveller...","timestamp":"2018-09-12T19:27:39.344Z"}
{"level":"info","message":"connected to mongodb://localhost/concertTraveller...","timestamp":"2018-09-12T19:30:20.789Z"}
{"level":"info","message":"connected to mongodb://localhost/concertTraveller...","timestamp":"2018-09-12T19:32:09.332Z"}
{"level":"info","message":"connected to mongodb://localhost/concertTraveller...","timestamp":"2018-09-12T20:14:41.116Z"}
{"level":"info","message":"connected to mongodb://localhost/concertTraveller...","timestamp":"2018-09-12T20:29:14.784Z"}
{"level":"info","message":"connected to mongodb://localhost/concertTraveller...","timestamp":"2018-09-12T20:38:54.701Z"}
{"level":"info","message":"connected to mongodb://localhost/concertTraveller...","timestamp":"2018-09-12T21:04:19.264Z"}
{"level":"info","message":"connected to mongodb://localhost/concertTraveller...","timestamp":"2018-09-12T21:14:47.212Z"}
{"level":"info","message":"connected to mongodb://localhost/concertTraveller...","timestamp":"2018-09-12T21:19:04.422Z"}
{"level":"info","message":"connected to mongodb://localhost/concertTraveller...","timestamp":"2018-09-12T21:24:26.280Z"}
{"level":"info","message":"connected to mongodb://localhost/concertTraveller...","timestamp":"2018-09-12T21:46:33.651Z"}
{"level":"info","message":"connected to mongodb://localhost/concertTraveller...","timestamp":"2018-09-12T21:47:39.913Z"}
{"level":"info","message":"connected to mongodb://localhost/concertTraveller...","timestamp":"2018-09-12T21:50:16.370Z"}
{"level":"info","message":"connected to mongodb://localhost/concertTraveller...","timestamp":"2018-09-12T21:51:09.758Z"}
{"level":"info","message":"connected to mongodb://localhost/concertTraveller...","timestamp":"2018-09-12T21:52:23.309Z"}
{"level":"info","message":"connected to mongodb://localhost/concertTraveller...","timestamp":"2018-09-12T21:58:44.314Z"}
{"level":"info","message":"connected to mongodb://localhost/concertTraveller...","timestamp":"2018-09-12T21:59:04.970Z"}
{"level":"info","message":"connected to mongodb://localhost/concertTraveller...","timestamp":"2018-09-12T21:59:11.333Z"}
{"level":"info","message":"connected to mongodb://localhost/concertTraveller...","timestamp":"2018-09-12T21:59:46.412Z"}
{"level":"info","message":"connected to mongodb://localhost/concertTraveller...","timestamp":"2018-09-12T22:02:39.765Z"}
{"level":"info","message":"connected to mongodb://localhost/concertTraveller...","timestamp":"2018-09-12T22:05:29.548Z"}
{"level":"info","message":"connected to mongodb://localhost/concertTraveller...","timestamp":"2018-09-12T22:05:52.126Z"}
{"level":"info","message":"connected to mongodb://localhost/concertTraveller...","timestamp":"2018-09-12T22:05:58.209Z"}
{"level":"info","message":"connected to mongodb://localhost/concertTraveller...","timestamp":"2018-09-12T22:06:49.527Z"}
{"message":"events is not defined","stack":"ReferenceError: events is not defined\n    at router.get (/Users/anon1m/WebstormProjects/concertTraveller/backend/routes/events.js:73:2)\n    at <anonymous>\n    at process._tickCallback (internal/process/next_tick.js:188:7)","level":"error","timestamp":"2018-09-12T22:06:53.772Z"}
{"message":"events is not defined","stack":"ReferenceError: events is not defined\n    at router.get (/Users/anon1m/WebstormProjects/concertTraveller/backend/routes/events.js:73:2)\n    at <anonymous>\n    at process._tickCallback (internal/process/next_tick.js:188:7)","level":"error","timestamp":"2018-09-12T22:06:55.087Z"}
{"level":"info","message":"connected to mongodb://localhost/concertTraveller...","timestamp":"2018-09-12T22:07:00.844Z"}
{"level":"info","message":"connected to mongodb://localhost/concertTraveller...","timestamp":"2018-09-12T22:08:46.656Z"}
{"level":"info","message":"connected to mongodb://localhost/concertTraveller...","timestamp":"2018-09-12T22:10:22.188Z"}
{"level":"info","message":"connected to mongodb://localhost/concertTraveller...","timestamp":"2018-09-12T22:11:19.967Z"}
{"level":"info","message":"connected to mongodb://localhost/concertTraveller...","timestamp":"2018-09-12T22:11:46.945Z"}
{"level":"info","message":"connected to mongodb://localhost/concertTraveller...","timestamp":"2018-09-12T22:12:34.247Z"}
{"level":"info","message":"connected to mongodb://localhost/concertTraveller...","timestamp":"2018-09-12T22:18:34.414Z"}
{"level":"info","message":"connected to mongodb://localhost/concertTraveller...","timestamp":"2018-09-12T22:18:43.633Z"}
{"level":"info","message":"connected to mongodb://localhost/concertTraveller...","timestamp":"2018-09-12T22:19:04.636Z"}
{"level":"info","message":"connected to mongodb://localhost/concertTraveller...","timestamp":"2018-09-12T22:19:57.023Z"}
{"level":"info","message":"connected to mongodb://localhost/concertTraveller...","timestamp":"2018-09-12T22:21:05.606Z"}
{"level":"info","message":"connected to mongodb://localhost/concertTraveller...","timestamp":"2018-09-12T22:21:46.233Z"}
{"level":"info","message":"connected to mongodb://localhost/concertTraveller...","timestamp":"2018-09-12T22:22:05.071Z"}
{"level":"info","message":"connected to mongodb://localhost/concertTraveller...","timestamp":"2018-09-12T22:27:56.854Z"}
{"level":"info","message":"connected to mongodb://localhost/concertTraveller...","timestamp":"2018-09-13T20:37:55.149Z"}
{"level":"info","message":"connected to mongodb://localhost/concertTraveller...","timestamp":"2018-09-15T21:07:37.480Z"}
{"level":"info","message":"connected to mongodb://localhost/concertTraveller...","timestamp":"2018-09-15T21:19:39.573Z"}
{"level":"info","message":"connected to mongodb://localhost/concertTraveller...","timestamp":"2018-09-16T20:50:33.493Z"}
{"level":"info","message":"connected to mongodb://localhost/concertTraveller...","timestamp":"2018-09-17T17:24:48.365Z"}
{"level":"info","message":"connected to mongodb://localhost/concertTraveller...","timestamp":"2018-09-17T19:27:48.026Z"}
{"level":"info","message":"connected to mongodb://localhost/concertTraveller...","timestamp":"2018-09-17T19:30:05.453Z"}
{"level":"info","message":"connected to mongodb://localhost/concertTraveller...","timestamp":"2018-09-18T16:10:35.319Z"}
{"level":"info","message":"connected to mongodb://localhost/concertTraveller...","timestamp":"2018-09-18T16:25:33.205Z"}
{"level":"info","message":"connected to mongodb://localhost/concertTraveller...","timestamp":"2018-09-18T22:18:14.018Z"}
{"level":"info","message":"connected to mongodb://localhost/concertTraveller...","timestamp":"2018-09-19T15:29:37.231Z"}
{"level":"info","message":"connected to mongodb://localhost/concertTraveller...","timestamp":"2018-09-19T22:29:06.721Z"}
{"level":"info","message":"connected to mongodb://localhost/concertTraveller...","timestamp":"2018-09-19T23:22:09.109Z"}
{"message":"Joi.string.required is not a function","stack":"TypeError: Joi.string.required is not a function\n    at validateMessage (/Users/anon1m/WebstormProjects/concertTraveller/backend/models/message.js:21:24)\n    at router.post (/Users/anon1m/WebstormProjects/concertTraveller/backend/routes/offers.js:184:20)\n    at /Users/anon1m/WebstormProjects/concertTraveller/node_modules/express-async-errors/index.js:17:17\n    at Layer.handle [as handle_request] (/Users/anon1m/WebstormProjects/concertTraveller/node_modules/express/lib/router/layer.js:95:5)\n    at next (/Users/anon1m/WebstormProjects/concertTraveller/node_modules/express/lib/router/route.js:137:13)\n    at module.exports (/Users/anon1m/WebstormProjects/concertTraveller/backend/middleware/validateObjectId.js:7:2)\n    at /Users/anon1m/WebstormProjects/concertTraveller/node_modules/express-async-errors/index.js:17:17\n    at Layer.handle [as handle_request] (/Users/anon1m/WebstormProjects/concertTraveller/node_modules/express/lib/router/layer.js:95:5)\n    at next (/Users/anon1m/WebstormProjects/concertTraveller/node_modules/express/lib/router/route.js:137:13)\n    at Route.dispatch (/Users/anon1m/WebstormProjects/concertTraveller/node_modules/express/lib/router/route.js:112:3)\n    at /Users/anon1m/WebstormProjects/concertTraveller/node_modules/express-async-errors/index.js:17:17\n    at Layer.handle [as handle_request] (/Users/anon1m/WebstormProjects/concertTraveller/node_modules/express/lib/router/layer.js:95:5)\n    at /Users/anon1m/WebstormProjects/concertTraveller/node_modules/express/lib/router/index.js:281:22\n    at param (/Users/anon1m/WebstormProjects/concertTraveller/node_modules/express/lib/router/index.js:354:14)\n    at param (/Users/anon1m/WebstormProjects/concertTraveller/node_modules/express/lib/router/index.js:365:14)\n    at Function.process_params (/Users/anon1m/WebstormProjects/concertTraveller/node_modules/express/lib/router/index.js:410:3)","level":"error","timestamp":"2018-09-19T23:24:41.066Z"}
{"level":"info","message":"connected to mongodb://localhost/concertTraveller...","timestamp":"2018-09-19T23:25:35.198Z"}
{"level":"info","message":"connected to mongodb://localhost/concertTraveller...","timestamp":"2018-09-20T20:03:58.102Z"}
{"level":"info","message":"connected to mongodb://localhost/concertTraveller...","timestamp":"2018-09-21T17:33:52.103Z"}
{"level":"info","message":"connected to mongodb://localhost/concertTraveller...","timestamp":"2018-09-21T19:54:35.837Z"}
{"level":"info","message":"connected to mongodb://localhost/concertTraveller...","timestamp":"2018-09-22T17:21:32.397Z"}
{"message":"Event validation failed: date: Event should take place in the future","errors":{"date":{"message":"Event should take place in the future","name":"ValidatorError","properties":{"message":"Event should take place in the future","type":"user defined","path":"date","value":"2018-09-07T00:00:00.000Z"},"kind":"user defined","path":"date","value":"2018-09-07T00:00:00.000Z","$isValidatorError":true}},"_message":"Event validation failed","stack":"ValidationError: Event validation failed: date: Event should take place in the future\n    at new ValidationError (/Users/anon1m/WebstormProjects/concertTraveller/node_modules/mongoose/lib/error/validation.js:27:11)\n    at model.Document.invalidate (/Users/anon1m/WebstormProjects/concertTraveller/node_modules/mongoose/lib/document.js:1656:32)\n    at /Users/anon1m/WebstormProjects/concertTraveller/node_modules/mongoose/lib/document.js:1528:17\n    at Immediate._onImmediate (/Users/anon1m/WebstormProjects/concertTraveller/node_modules/mongoose/lib/schematype.js:785:9)\n    at runCallback (timers.js:789:20)\n    at tryOnImmediate (timers.js:751:5)\n    at processImmediate [as _immediateCallback] (timers.js:722:5)","name":"ValidationError","level":"error","timestamp":"2018-09-22T20:35:16.844Z"}
{"level":"info","message":"connected to mongodb://localhost/concertTraveller...","timestamp":"2018-09-22T22:16:59.426Z"}
{"level":"info","message":"connected to mongodb://localhost/concertTraveller...","timestamp":"2018-09-22T22:21:06.922Z"}
{"level":"info","message":"connected to mongodb://localhost/concertTraveller...","timestamp":"2018-09-22T22:31:27.343Z"}
{"level":"info","message":"connected to mongodb://localhost/concertTraveller...","timestamp":"2018-09-22T22:48:13.616Z"}
{"level":"info","message":"connected to mongodb://localhost/concertTraveller...","timestamp":"2018-09-23T17:54:34.702Z"}
{"level":"info","message":"connected to mongodb://localhost/concertTraveller...","timestamp":"2018-09-23T18:01:15.612Z"}
{"level":"info","message":"connected to mongodb://localhost/concertTraveller...","timestamp":"2018-09-23T18:02:32.374Z"}
{"level":"info","message":"connected to mongodb://localhost/concertTraveller...","timestamp":"2018-09-23T20:04:16.102Z"}
{"level":"info","message":"connected to mongodb://localhost/concertTraveller...","timestamp":"2018-09-23T20:14:21.224Z"}
{"message":"req.user._id.equals is not a function","stack":"TypeError: req.user._id.equals is not a function\n    at router.put (/Users/anon1m/WebstormProjects/concertTraveller/backend/routes/offers.js:118:19)\n    at <anonymous>\n    at process._tickCallback (internal/process/next_tick.js:188:7)","level":"error","timestamp":"2018-09-23T20:16:22.410Z"}
{"level":"info","message":"connected to mongodb://localhost/concertTraveller...","timestamp":"2018-09-23T20:17:36.489Z"}
{"level":"info","message":"connected to mongodb://localhost/concertTraveller...","timestamp":"2018-09-23T20:23:01.801Z"}
{"message":"Event validation failed: date: Event should take place in the future","errors":{"date":{"message":"Event should take place in the future","name":"ValidatorError","properties":{"message":"Event should take place in the future","type":"user defined","path":"date","value":"2018-09-23T00:00:00.000Z"},"kind":"user defined","path":"date","value":"2018-09-23T00:00:00.000Z","$isValidatorError":true}},"_message":"Event validation failed","stack":"ValidationError: Event validation failed: date: Event should take place in the future\n    at new ValidationError (/Users/anon1m/WebstormProjects/concertTraveller/node_modules/mongoose/lib/error/validation.js:27:11)\n    at model.Document.invalidate (/Users/anon1m/WebstormProjects/concertTraveller/node_modules/mongoose/lib/document.js:1656:32)\n    at /Users/anon1m/WebstormProjects/concertTraveller/node_modules/mongoose/lib/document.js:1528:17\n    at Immediate._onImmediate (/Users/anon1m/WebstormProjects/concertTraveller/node_modules/mongoose/lib/schematype.js:785:9)\n    at runCallback (timers.js:789:20)\n    at tryOnImmediate (timers.js:751:5)\n    at processImmediate [as _immediateCallback] (timers.js:722:5)","name":"ValidationError","level":"error","timestamp":"2018-09-23T21:30:52.958Z"}
{"message":"Event validation failed: date: Event should take place in the future","errors":{"date":{"message":"Event should take place in the future","name":"ValidatorError","properties":{"message":"Event should take place in the future","type":"user defined","path":"date","value":"2018-09-23T00:00:00.000Z"},"kind":"user defined","path":"date","value":"2018-09-23T00:00:00.000Z","$isValidatorError":true}},"_message":"Event validation failed","stack":"ValidationError: Event validation failed: date: Event should take place in the future\n    at new ValidationError (/Users/anon1m/WebstormProjects/concertTraveller/node_modules/mongoose/lib/error/validation.js:27:11)\n    at model.Document.invalidate (/Users/anon1m/WebstormProjects/concertTraveller/node_modules/mongoose/lib/document.js:1656:32)\n    at /Users/anon1m/WebstormProjects/concertTraveller/node_modules/mongoose/lib/document.js:1528:17\n    at Immediate._onImmediate (/Users/anon1m/WebstormProjects/concertTraveller/node_modules/mongoose/lib/schematype.js:785:9)\n    at runCallback (timers.js:789:20)\n    at tryOnImmediate (timers.js:751:5)\n    at processImmediate [as _immediateCallback] (timers.js:722:5)","name":"ValidationError","level":"error","timestamp":"2018-09-23T21:35:50.546Z"}
{"message":"Event validation failed: date: Event should take place in the future","errors":{"date":{"message":"Event should take place in the future","name":"ValidatorError","properties":{"message":"Event should take place in the future","type":"user defined","path":"date","value":"2018-09-23T00:00:00.000Z"},"kind":"user defined","path":"date","value":"2018-09-23T00:00:00.000Z","$isValidatorError":true}},"_message":"Event validation failed","stack":"ValidationError: Event validation failed: date: Event should take place in the future\n    at new ValidationError (/Users/anon1m/WebstormProjects/concertTraveller/node_modules/mongoose/lib/error/validation.js:27:11)\n    at model.Document.invalidate (/Users/anon1m/WebstormProjects/concertTraveller/node_modules/mongoose/lib/document.js:1656:32)\n    at /Users/anon1m/WebstormProjects/concertTraveller/node_modules/mongoose/lib/document.js:1528:17\n    at Immediate._onImmediate (/Users/anon1m/WebstormProjects/concertTraveller/node_modules/mongoose/lib/schematype.js:785:9)\n    at runCallback (timers.js:789:20)\n    at tryOnImmediate (timers.js:751:5)\n    at processImmediate [as _immediateCallback] (timers.js:722:5)","name":"ValidationError","level":"error","timestamp":"2018-09-23T21:36:10.262Z"}
{"level":"info","message":"connected to mongodb://localhost/concertTraveller...","timestamp":"2018-09-23T22:30:20.386Z"}
{"level":"info","message":"connected to mongodb://localhost/concertTraveller...","timestamp":"2018-09-28T00:16:00.974Z"}
{"level":"info","message":"connected to mongodb://localhost/concertTraveller...","timestamp":"2018-09-28T13:57:17.437Z"}
{"level":"info","message":"connected to mongodb://localhost/concertTraveller...","timestamp":"2018-09-30T15:15:45.866Z"}
{"level":"info","message":"connected to mongodb://localhost/concertTraveller...","timestamp":"2018-09-30T15:21:04.559Z"}
{"level":"info","message":"connected to mongodb://localhost/concertTraveller...","timestamp":"2018-09-30T15:22:09.286Z"}
{"level":"info","message":"connected to mongodb://localhost/concertTraveller...","timestamp":"2018-09-30T15:23:26.931Z"}
{"level":"info","message":"connected to mongodb://localhost/concertTraveller...","timestamp":"2018-09-30T15:24:48.985Z"}
{"level":"info","message":"connected to mongodb://localhost/concertTraveller...","timestamp":"2018-09-30T15:26:49.394Z"}
{"level":"info","message":"connected to mongodb://localhost/concertTraveller...","timestamp":"2018-09-30T15:27:41.463Z"}
{"level":"info","message":"connected to mongodb://localhost/concertTraveller...","timestamp":"2018-09-30T15:28:12.589Z"}
{"level":"info","message":"connected to mongodb://localhost/concertTraveller...","timestamp":"2018-09-30T15:45:11.827Z"}
{"level":"info","message":"connected to mongodb://localhost/concertTraveller...","timestamp":"2018-09-30T15:45:50.141Z"}
{"level":"info","message":"connected to mongodb://localhost/concertTraveller...","timestamp":"2018-09-30T16:01:03.674Z"}
{"level":"info","message":"connected to mongodb://localhost/concertTraveller...","timestamp":"2018-09-30T16:01:57.582Z"}
{"level":"info","message":"connected to mongodb://localhost/concertTraveller...","timestamp":"2018-10-03T07:19:24.980Z"}
{"level":"info","message":"connected to mongodb://localhost/concertTraveller...","timestamp":"2018-10-03T09:16:19.704Z"}
{"level":"info","message":"connected to mongodb://localhost/concertTraveller...","timestamp":"2018-10-03T10:27:59.778Z"}
{"level":"info","message":"connected to mongodb://localhost/concertTraveller...","timestamp":"2018-10-31T17:23:43.473Z"}
{"level":"info","message":"connected to mongodb://localhost/concertTraveller...","timestamp":"2018-10-31T17:30:58.644Z"}
{"level":"info","message":"connected to mongodb://localhost/concertTraveller...","timestamp":"2018-10-31T17:35:05.874Z"}
{"level":"info","message":"connected to mongodb://localhost/concertTraveller...","timestamp":"2018-10-31T17:37:53.063Z"}
{"level":"info","message":"connected to mongodb://localhost/concertTraveller...","timestamp":"2018-10-31T17:40:34.431Z"}
{"level":"info","message":"connected to mongodb://localhost/concertTraveller...","timestamp":"2018-10-31T17:52:41.039Z"}
{"level":"info","message":"connected to mongodb://localhost/concertTraveller...","timestamp":"2018-10-31T17:54:40.056Z"}
{"level":"info","message":"connected to mongodb://localhost/concertTraveller...","timestamp":"2018-10-31T17:55:03.139Z"}
{"level":"info","message":"connected to mongodb://localhost/concertTraveller...","timestamp":"2018-10-31T18:11:41.177Z"}
{"level":"info","message":"connected to mongodb://localhost/concertTraveller...","timestamp":"2018-10-31T18:13:47.711Z"}
{"level":"info","message":"connected to mongodb://localhost/concertTraveller...","timestamp":"2018-10-31T18:31:16.587Z"}
{"level":"info","message":"connected to mongodb://localhost/concertTraveller...","timestamp":"2018-10-31T18:33:43.410Z"}
{"level":"info","message":"connected to mongodb://localhost/concertTraveller...","timestamp":"2018-10-31T19:01:02.216Z"}
{"level":"info","message":"connected to mongodb://localhost/concertTraveller...","timestamp":"2018-10-31T19:03:22.499Z"}
{"level":"info","message":"connected to mongodb://localhost/concertTraveller...","timestamp":"2018-10-31T19:06:03.369Z"}
{"level":"info","message":"connected to mongodb://localhost/concertTraveller...","timestamp":"2018-10-31T19:38:08.897Z"}
